<?xml version="1.0" encoding="UTF-8"?>
<!-- Generated by org.testng.reporters.JUnitReportReporter -->
<testsuite hostname="ANIL" failures="0" tests="1" name="alltestcases.LoginTest" time="5.393" errors="0" timestamp="2024-10-12T16:51:36 IST" skipped="0">
  <testcase classname="alltestcases.LoginTest" name="loginCase" time="5.393"/>
  <system-out/>
</testsuite> <!-- alltestcases.LoginTest -->
