<?xml version="1.0" encoding="UTF-8"?>
<!-- Generated by org.testng.reporters.JUnitReportReporter -->
<testsuite hostname="ANIL" failures="0" tests="1" name="alltestcases.CarValuationTest" time="39.543" errors="0" timestamp="2024-11-13T21:40:53 IST" skipped="0">
  <testcase classname="alltestcases.CarValuationTest" name="testCarValuations" time="39.543"/>
  <system-out/>
</testsuite> <!-- alltestcases.CarValuationTest -->
