<?xml version="1.0" encoding="UTF-8"?>
<!-- Generated by org.testng.reporters.JUnitReportReporter -->
<testsuite hostname="ANIL" failures="0" tests="1" name="alltestcases.BookStoreApplicationTest" time="11.457" errors="0" timestamp="2024-10-13T15:33:03 IST" skipped="0">
  <testcase classname="alltestcases.BookStoreApplicationTest" name="bookstore" time="11.457"/>
  <system-out/>
</testsuite> <!-- alltestcases.BookStoreApplicationTest -->
