<?xml version="1.0" encoding="UTF-8"?>
<!-- Generated by org.testng.reporters.JUnitReportReporter -->
<testsuite hostname="ANIL" failures="0" tests="1" name="test.automationtestingProject.ReadXlsFile" time="1.632" errors="0" timestamp="2024-10-05T18:31:36 IST" skipped="0">
  <testcase classname="test.automationtestingProject.ReadXlsFile" name="readxlsFile" time="1.632"/>
  <system-out/>
</testsuite> <!-- test.automationtestingProject.ReadXlsFile -->
