<?xml version="1.0" encoding="UTF-8"?>
<!-- Generated by org.testng.reporters.JUnitReportReporter -->
<testsuite hostname="ANIL" failures="0" tests="1" name="alltestcases.RadioButtonTest" time="6.788" errors="0" timestamp="2024-10-13T16:27:10 IST" skipped="0">
  <testcase classname="alltestcases.RadioButtonTest" name="radiobuttonExample" time="6.788"/>
  <system-out/>
</testsuite> <!-- alltestcases.RadioButtonTest -->
