<?xml version="1.0" encoding="UTF-8"?>
<!-- Generated by org.testng.reporters.JUnitReportReporter -->
<testsuite hostname="ANIL" failures="0" tests="1" name="alltestcases.WebTableTest" time="10.653" errors="0" timestamp="2024-10-13T16:11:24 IST" skipped="0">
  <testcase classname="alltestcases.WebTableTest" name="testcaseWebTable" time="10.653"/>
  <system-out/>
</testsuite> <!-- alltestcases.WebTableTest -->
