<?xml version="1.0" encoding="UTF-8"?>
<!-- Generated by org.testng.reporters.JUnitReportReporter -->
<testsuite hostname="FTM1Pro.local" failures="0" tests="1" name="alltestcases.CarValuationTest" time="409.295" errors="0" timestamp="2024-11-13T22:06:27 GMT" skipped="0">
  <testcase classname="alltestcases.CarValuationTest" name="testCarValuations" time="409.295"/>
  <system-out/>
</testsuite> <!-- alltestcases.CarValuationTest -->
