<?xml version="1.0" encoding="UTF-8"?>
<!-- Generated by org.testng.reporters.JUnitReportReporter -->
<testsuite hostname="ANIL" failures="0" tests="1" name="alltestcases.PracticseFormTest" time="11.934" errors="0" timestamp="2024-10-12T19:07:40 IST" skipped="0">
  <testcase classname="alltestcases.PracticseFormTest" name="case1" time="11.934"/>
  <system-out/>
</testsuite> <!-- alltestcases.PracticseFormTest -->
