<?xml version="1.0" encoding="UTF-8"?>
<!-- Generated by org.testng.reporters.JUnitReportReporter -->
<testsuite hostname="ANIL" failures="0" tests="1" name="alltestcases.CheckboxTest" time="8.125" errors="0" timestamp="2024-10-13T15:51:30 IST" skipped="0">
  <testcase classname="alltestcases.CheckboxTest" name="testcase1" time="8.125"/>
  <system-out/>
</testsuite> <!-- alltestcases.CheckboxTest -->
