<?xml version="1.0" encoding="UTF-8"?>
<!-- Generated by org.testng.reporters.JUnitReportReporter -->
<testsuite hostname="ANIL" failures="0" tests="1" name="test.automationtestingProject.Sample" time="3.569" errors="0" timestamp="2024-10-12T15:48:50 IST" skipped="0">
  <testcase classname="test.automationtestingProject.Sample" name="testcase1" time="3.569"/>
  <system-out/>
</testsuite> <!-- test.automationtestingProject.Sample -->
