<?xml version="1.0" encoding="UTF-8"?>
<!-- Generated by org.testng.reporters.JUnitReportReporter -->
<testsuite hostname="ANIL" failures="0" tests="1" name="alltestcases.AlertTest" time="12.262" errors="0" timestamp="2024-10-13T16:49:55 IST" skipped="0">
  <testcase classname="alltestcases.AlertTest" name="alertFunctionality" time="12.262"/>
  <system-out/>
</testsuite> <!-- alltestcases.AlertTest -->
